[debug] [2026-03-18T09:58:05.403Z] ----------------------------------------------------------------------
[debug] [2026-03-18T09:58:05.405Z] Command:       C:\Program Files\nodejs\node.exe C:\Users\SHRUSHTI\AppData\Local\npm-cache\_npx\7750544ccf494d8b\node_modules\firebase-tools\lib\bin\firebase.js login:ci --no-localhost
[debug] [2026-03-18T09:58:05.406Z] CLI Version:   15.10.1
[debug] [2026-03-18T09:58:05.406Z] Platform:      win32
[debug] [2026-03-18T09:58:05.406Z] Node Version:  v24.14.0
[debug] [2026-03-18T09:58:05.406Z] Time:          Wed Mar 18 2026 15:28:05 GMT+0530 (India Standard Time)
[debug] [2026-03-18T09:58:05.406Z] ----------------------------------------------------------------------
[debug] 
[debug] [2026-03-18T09:58:05.407Z] >>> [apiv2][query] GET https://firebase-public.firebaseio.com/cli.json [none]
[warn] !  Authenticating with a `login:ci` token is deprecated and will be removed in a future major version of `firebase-tools`. Instead, use a service account key with `GOOGLE_APPLICATION_CREDENTIALS`: https://cloud.google.com/docs/authentication/getting-started 
[debug] [2026-03-18T09:58:05.425Z] >>> [apiv2][query] POST https://auth.firebase.tools/attest [none]
[debug] [2026-03-18T09:58:05.425Z] >>> [apiv2][body] POST https://auth.firebase.tools/attest {"session_id":"41b55cff-3449-4935-87f7-bb41f7d851d5"}
[debug] [2026-03-18T09:58:06.291Z] <<< [apiv2][status] GET https://firebase-public.firebaseio.com/cli.json 200
[debug] [2026-03-18T09:58:06.291Z] <<< [apiv2][body] GET https://firebase-public.firebaseio.com/cli.json {"cloudBuildErrorAfter":1594252800000,"cloudBuildWarnAfter":1590019200000,"defaultNode10After":1594252800000,"minVersion":"3.0.5","node8DeploysDisabledAfter":1613390400000,"node8RuntimeDisabledAfter":1615809600000,"node8WarnAfter":1600128000000}
[debug] [2026-03-18T09:58:06.322Z] <<< [apiv2][status] POST https://auth.firebase.tools/attest 200
[debug] [2026-03-18T09:58:06.322Z] <<< [apiv2][body] POST https://auth.firebase.tools/attest {"token":"L_0Rrt9z6aRaMB4pka57Lf7IEPD1wJRRkqSi7qCCN5k"}
[info] 
[info] To sign in to the Firebase CLI:
[info] 
[info] 1. Take note of your session ID:
[info] 
[info]    41B55
[info] 
[info] 2. Visit the URL below on any device and follow the instructions to get your code:
[info] 
[info]    https://auth.firebase.tools/login?code_challenge=7AZe7wY1q39hi3EXVC3UpdClg4-HG50K52_O3gb8_hw&session=41b55cff-3449-4935-87f7-bb41f7d851d5&attest=L_0Rrt9z6aRaMB4pka57Lf7IEPD1wJRRkqSi7qCCN5k
[info] 
[info] 3. Paste or enter the authorization code below once you have it:
[info] 
[debug] [2026-03-18T09:58:36.279Z] ExitPromptError: User force closed the prompt with SIGINT
    at Interface.sigint (C:\Users\SHRUSHTI\AppData\Local\npm-cache\_npx\7750544ccf494d8b\node_modules\@inquirer\core\dist\commonjs\lib\create-prompt.js:101:37)
    at Interface.emit (node:events:508:28)
    at [_ttyWrite] [as _ttyWrite] (node:internal/readline/interface:1327:18)
    at ReadStream.onkeypress (node:internal/readline/interface:284:20)
    at ReadStream.emit (node:events:520:35)
    at emitKeys (node:internal/readline/utils:371:14)
    at emitKeys.next (<anonymous>)
    at ReadStream.onData (node:internal/readline/emitKeypressEvents:64:36)
    at ReadStream.emit (node:events:508:28)
    at addChunk (node:internal/streams/readable:563:12)
[error] 
[error] Error: An unexpected error has occurred.
